<?xml version="1.0" encoding="UTF-8"?>
<testng-results ignored="0" total="1" passed="1" failed="0" skipped="0">
  <reporter-output>
  </reporter-output>
  <suite started-at="2023-06-02T18:35:15 IST" name="Default suite" finished-at="2023-06-02T18:35:38 IST" duration-ms="23444">
    <groups>
    </groups>
    <test started-at="2023-06-02T18:35:15 IST" name="Default test" finished-at="2023-06-02T18:35:38 IST" duration-ms="23444">
      <class name="ty.Pgm1">
        <test-method signature="main()[pri:0, instance:ty.Pgm1@4efc180e]" started-at="2023-06-02T18:35:15 IST" name="main" finished-at="2023-06-02T18:35:38 IST" duration-ms="23413" status="PASS">
          <reporter-output>
          </reporter-output>
        </test-method> <!-- main -->
      </class> <!-- ty.Pgm1 -->
    </test> <!-- Default test -->
  </suite> <!-- Default suite -->
</testng-results>
